cl : línea de comandos warning D9035: La opción 'Gm' está desusada y se quitará en próximas versiones
  Model.cpp
E:\oscar\my_projects\PGATR_Practica1\P3OGL\scr\Model\OBJ_loader.h(652,25): warning C4018: '<': no coinciden signed/unsigned
E:\oscar\my_projects\PGATR_Practica1\P3OGL\scr\Model\OBJ_loader.h(689,22): warning C4018: '<': no coinciden signed/unsigned
E:\oscar\my_projects\PGATR_Practica1\P3OGL\scr\Model\OBJ_loader.h(695,23): warning C4018: '<': no coinciden signed/unsigned
E:\oscar\my_projects\PGATR_Practica1\P3OGL\scr\Model\OBJ_loader.h(949,18): warning C4244: 'inicializando': conversión de 'double' a 'float'; posible pérdida de datos
E:\oscar\my_projects\PGATR_Practica1\P3OGL\scr\Model\Model.cpp(24,22): warning C4018: '<': no coinciden signed/unsigned
E:\oscar\my_projects\PGATR_Practica1\P3OGL\scr\Model\Model.cpp(44,22): warning C4018: '<': no coinciden signed/unsigned
  main.cpp
E:\oscar\my_projects\PGATR_Practica1\P3OGL\scr\main.cpp(53,30): warning C4305: 'inicializando': truncamiento de 'double' a 'float'
E:\oscar\my_projects\PGATR_Practica1\P3OGL\scr\main.cpp(285,17): warning C4244: 'inicializando': conversión de 'int' a 'float'; posible pérdida de datos
E:\oscar\my_projects\PGATR_Practica1\P3OGL\scr\main.cpp(288,16): warning C4244: 'inicializando': conversión de 'double' a 'float'; posible pérdida de datos
E:\oscar\my_projects\PGATR_Practica1\P3OGL\scr\main.cpp(294,16): warning C4244: '=': conversión de 'double' a 'T'; posible pérdida de datos
          with
          [
              T=float
          ]
  auxiliar.cpp
  Generando código...
auxiliar.obj : warning LNK4075: se omite '/EDITANDCONTINUE' debido a la especificación '/SAFESEH'
  P3OGL.vcxproj -> E:\oscar\my_projects\PGATR_Practica1\P3OGL\Debug\P3OGL.exe
